Using pre-set license
Built from '2020.3/staging' branch; Version is '2020.3.14f1 (d0d1bb862f9d) revision 13685179'; Using compiler version '192528614'; Build Type 'Release'
OS: 'Windows 10 Pro; OS build 19043.1237; Version 2009; 64bit' Language: 'es' Physical Memory: 8129 MB
BatchMode: 1, IsHumanControllingUs: 0, StartBugReporterOnCrash: 0, Is64bit: 1, IsPro: 0

 COMMAND LINE ARGUMENTS:
C:\Program Files\Unity\Hub\Editor\2020.3.14f1\Editor\Unity.exe
-adb2
-batchMode
-noUpm
-name
AssetImportWorker0
-projectPath
G:/Mario
-logFile
Logs/AssetImportWorker0.log
-srvPort
55406
Successfully changed project path to: G:/Mario
G:/Mario
Using Asset Import Pipeline V2.
Refreshing native plugins compatible for Editor in 44.86 ms, found 3 plugins.
Preloading 0 native plugins for Editor in 0.00 ms.
Initialize engine version: 2020.3.14f1 (d0d1bb862f9d)
[Subsystems] Discovering subsystems at path C:/Program Files/Unity/Hub/Editor/2020.3.14f1/Editor/Data/Resources/UnitySubsystems
[Subsystems] Discovering subsystems at path G:/Mario/Assets
GfxDevice: creating device client; threaded=0
Direct3D:
    Version:  Direct3D 11.0 [level 11.1]
    Renderer: NVIDIA GeForce GTX 1650 (ID=0x1f82)
    Vendor:   
    VRAM:     3962 MB
    Driver:   30.0.14.7141
Initialize mono
Mono path[0] = 'C:/Program Files/Unity/Hub/Editor/2020.3.14f1/Editor/Data/Managed'
Mono path[1] = 'C:/Program Files/Unity/Hub/Editor/2020.3.14f1/Editor/Data/MonoBleedingEdge/lib/mono/unityjit'
Mono config path = 'C:/Program Files/Unity/Hub/Editor/2020.3.14f1/Editor/Data/MonoBleedingEdge/etc'
Using monoOptions --debugger-agent=transport=dt_socket,embedding=1,server=y,suspend=n,address=127.0.0.1:56120
Begin MonoManager ReloadAssembly
Registering precompiled unity dll's ...
Register platform support module: C:/Program Files/Unity/Hub/Editor/2020.3.14f1/Editor/Data/PlaybackEngines/WindowsStandaloneSupport/UnityEditor.WindowsStandalone.Extensions.dll
Registered in 0.002459 seconds.
Native extension for WindowsStandalone target not found
Refreshing native plugins compatible for Editor in 42.94 ms, found 3 plugins.
Preloading 0 native plugins for Editor in 0.00 ms.
Mono: successfully reloaded assembly
- Completed reload, in  1.164 seconds
Domain Reload Profiling:
	ReloadAssembly (1164ms)
		BeginReloadAssembly (61ms)
			ExecutionOrderSort (0ms)
			DisableScriptedObjects (0ms)
			BackupInstance (0ms)
			ReleaseScriptingObjects (0ms)
			CreateAndSetChildDomain (1ms)
		EndReloadAssembly (446ms)
			LoadAssemblies (59ms)
			RebuildTransferFunctionScriptingTraits (0ms)
			SetupTypeCache (165ms)
			ReleaseScriptCaches (0ms)
			RebuildScriptCaches (33ms)
			SetupLoadedEditorAssemblies (178ms)
				LogAssemblyErrors (0ms)
				InitializePlatformSupportModulesInManaged (4ms)
				SetLoadedEditorAssemblies (0ms)
				RefreshPlugins (43ms)
				BeforeProcessingInitializeOnLoad (11ms)
				ProcessInitializeOnLoadAttributes (90ms)
				ProcessInitializeOnLoadMethodAttributes (30ms)
				AfterProcessingInitializeOnLoad (0ms)
				EditorAssembliesLoaded (0ms)
			ExecutionOrderSort2 (0ms)
			AwakeInstancesAfterBackupRestoration (0ms)
Platform modules already initialized, skipping
Registering precompiled user dll's ...
Registered in 0.003331 seconds.
Begin MonoManager ReloadAssembly
Native extension for WindowsStandalone target not found
Refreshing native plugins compatible for Editor in 41.29 ms, found 3 plugins.
Preloading 0 native plugins for Editor in 0.00 ms.
Mono: successfully reloaded assembly
- Completed reload, in  1.210 seconds
Domain Reload Profiling:
	ReloadAssembly (1211ms)
		BeginReloadAssembly (160ms)
			ExecutionOrderSort (0ms)
			DisableScriptedObjects (5ms)
			BackupInstance (0ms)
			ReleaseScriptingObjects (0ms)
			CreateAndSetChildDomain (20ms)
		EndReloadAssembly (982ms)
			LoadAssemblies (99ms)
			RebuildTransferFunctionScriptingTraits (0ms)
			SetupTypeCache (317ms)
			ReleaseScriptCaches (0ms)
			RebuildScriptCaches (53ms)
			SetupLoadedEditorAssemblies (375ms)
				LogAssemblyErrors (0ms)
				InitializePlatformSupportModulesInManaged (4ms)
				SetLoadedEditorAssemblies (0ms)
				RefreshPlugins (41ms)
				BeforeProcessingInitializeOnLoad (88ms)
				ProcessInitializeOnLoadAttributes (219ms)
				ProcessInitializeOnLoadMethodAttributes (15ms)
				AfterProcessingInitializeOnLoad (7ms)
				EditorAssembliesLoaded (0ms)
			ExecutionOrderSort2 (0ms)
			AwakeInstancesAfterBackupRestoration (7ms)
Platform modules already initialized, skipping
========================================================================
Worker process is ready to serve import requests
Launched and connected shader compiler UnityShaderCompiler.exe after 0.05 seconds
Refreshing native plugins compatible for Editor in 0.44 ms, found 3 plugins.
Preloading 0 native plugins for Editor in 0.00 ms.
Unloading 2084 Unused Serialized files (Serialized files now loaded: 0)
System memory in use before: 92.9 MB.
System memory in use after: 92.8 MB.

Unloading 33 unused Assets to reduce memory usage. Loaded Objects now: 2517.
Total: 2.629000 ms (FindLiveObjects: 0.192600 ms CreateObjectMapping: 0.080600 ms MarkObjects: 2.196600 ms  DeleteObjects: 0.158000 ms)

AssetImportParameters requested are different than current active one (requested -> active):
  custom:framework-win-MediaFoundation: 216162199b28c13a410421893ffa2e32 -> 
  custom:video-decoder-ogg-theora: a1e56fd34408186e4bbccfd4996cb3dc -> 
  custom:container-muxer-webm: aa71ff27fc2769a1b78a27578f13a17b -> 
  custom:container-demuxer-webm: 4f35f7cbe854078d1ac9338744f61a02 -> 
  custom:container-demuxer-ogg: 62fdf1f143b41e24485cea50d1cbac27 -> 
  custom:video-encoder-webm-vp8: eb34c28f22e8b96e1ab97ce403110664 -> 
  custom:video-decoder-webm-vp8: 9c59270c3fd7afecdb556c50c9e8de78 -> 
  custom:audio-decoder-ogg-vorbis: bf7c407c2cedff20999df2af8eb42d56 -> 
  custom:audio-encoder-webm-vorbis: bf7c407c2cedff20999df2af8eb42d56 -> 
========================================================================
Received Import Request.
  path: Assets
  artifactKey: Guid(00000000000000001000000000000000) Importer(815301076,1909f56bfc062723c751e8b465ee728b)
Start importing Assets using Guid(00000000000000001000000000000000) Importer(815301076,1909f56bfc062723c751e8b465ee728b)  -> (artifact id: '42d402b061de3733987d63b9cc3b64de') in 0.009557 seconds 
  Import took 0.013422 seconds .

========================================================================
Received Import Request.
  Time since last request: 1.388160 seconds.
  path: Assets
  artifactKey: Guid(00000000000000001000000000000000) Importer(815301076,1909f56bfc062723c751e8b465ee728b)
Start importing Assets using Guid(00000000000000001000000000000000) Importer(815301076,1909f56bfc062723c751e8b465ee728b)  -> (artifact id: '42d402b061de3733987d63b9cc3b64de') in 0.002398 seconds 
  Import took 0.014113 seconds .

========================================================================
Received Import Request.
  Time since last request: 4.430479 seconds.
  path: Assets/Sounds
  artifactKey: Guid(eb3bfdbb8392fd14caea301fba0721f0) Importer(815301076,1909f56bfc062723c751e8b465ee728b)
Start importing Assets/Sounds using Guid(eb3bfdbb8392fd14caea301fba0721f0) Importer(815301076,1909f56bfc062723c751e8b465ee728b)  -> (artifact id: '3179db045d7b4e5fd627d9c181b03e2c') in 0.006953 seconds 
  Import took 0.011348 seconds .

========================================================================
Received Import Request.
  Time since last request: 50.676931 seconds.
  path: Assets/Sprites
  artifactKey: Guid(d700aa4b12e10df46ae2611fdb1c892c) Importer(815301076,1909f56bfc062723c751e8b465ee728b)
Start importing Assets/Sprites using Guid(d700aa4b12e10df46ae2611fdb1c892c) Importer(815301076,1909f56bfc062723c751e8b465ee728b)  -> (artifact id: '355acb3e261de385832b2c6c1b2705f3') in 0.007686 seconds 
  Import took 0.011684 seconds .

========================================================================
Received Import Request.
  Time since last request: 0.058950 seconds.
  path: Assets/Sprites/Banderas.png
  artifactKey: Guid(8a67665345d108a4ca5b48f40561ea79) Importer(815301076,1909f56bfc062723c751e8b465ee728b)
Start importing Assets/Sprites/Banderas.png using Guid(8a67665345d108a4ca5b48f40561ea79) Importer(815301076,1909f56bfc062723c751e8b465ee728b)  -> (artifact id: 'ca315c21cba21e12bbeecd8a21653f6c') in 0.120571 seconds 
  Import took 0.125262 seconds .

========================================================================
Received Import Request.
  Time since last request: 0.000262 seconds.
  path: Assets/Sprites/Ladrillos.png
  artifactKey: Guid(56a149cd8c1cdd24cb3074f8f156c27b) Importer(815301076,1909f56bfc062723c751e8b465ee728b)
Start importing Assets/Sprites/Ladrillos.png using Guid(56a149cd8c1cdd24cb3074f8f156c27b) Importer(815301076,1909f56bfc062723c751e8b465ee728b)  -> (artifact id: 'c6e6fadd7e0ab70b4690cc5b62cec4fd') in 0.025508 seconds 
  Import took 0.030298 seconds .

========================================================================
Received Import Request.
  Time since last request: 0.000305 seconds.
  path: Assets/Sprites/Goombas.png
  artifactKey: Guid(3b815cf48c54a10458591310a43415c0) Importer(815301076,1909f56bfc062723c751e8b465ee728b)
Start importing Assets/Sprites/Goombas.png using Guid(3b815cf48c54a10458591310a43415c0) Importer(815301076,1909f56bfc062723c751e8b465ee728b)  -> (artifact id: '750273e3c49cba703efacff47461e445') in 0.028089 seconds 
  Import took 0.032535 seconds .

========================================================================
Received Import Request.
  Time since last request: 0.000295 seconds.
  path: Assets/Sprites/Mario.png
  artifactKey: Guid(24b0ea0b23d9fff46b2b762becd61eaa) Importer(815301076,1909f56bfc062723c751e8b465ee728b)
Start importing Assets/Sprites/Mario.png using Guid(24b0ea0b23d9fff46b2b762becd61eaa) Importer(815301076,1909f56bfc062723c751e8b465ee728b)  -> (artifact id: '94296e69c8fa749f17da2cf35853fa4c') in 0.023204 seconds 
  Import took 0.026512 seconds .

========================================================================
Received Import Request.
  Time since last request: 0.000285 seconds.
  path: Assets/Sprites/Super_Mario_Bros._Logo.png
  artifactKey: Guid(31e5d7a4d9d94fe4c9fa3bd0d8d771bf) Importer(815301076,1909f56bfc062723c751e8b465ee728b)
Start importing Assets/Sprites/Super_Mario_Bros._Logo.png using Guid(31e5d7a4d9d94fe4c9fa3bd0d8d771bf) Importer(815301076,1909f56bfc062723c751e8b465ee728b)  -> (artifact id: 'e6fe643fc3c4964b2af6c2a2f93797d5') in 0.032098 seconds 
  Import took 0.035685 seconds .

========================================================================
Received Import Request.
  Time since last request: 0.000276 seconds.
  path: Assets/Sprites/Tuberias.png
  artifactKey: Guid(77ea3e7c84f6098489662baaef7c5e4c) Importer(815301076,1909f56bfc062723c751e8b465ee728b)
Start importing Assets/Sprites/Tuberias.png using Guid(77ea3e7c84f6098489662baaef7c5e4c) Importer(815301076,1909f56bfc062723c751e8b465ee728b)  -> (artifact id: '377f6d8bc4f72a0ee745d8ceea0347af') in 0.017482 seconds 
  Import took 0.021392 seconds .

========================================================================
Received Import Request.
  Time since last request: 0.000206 seconds.
  path: Assets/Sprites/Coins2.png
  artifactKey: Guid(b3ec88679e98365409eff88fc1ebeb57) Importer(815301076,1909f56bfc062723c751e8b465ee728b)
Start importing Assets/Sprites/Coins2.png using Guid(b3ec88679e98365409eff88fc1ebeb57) Importer(815301076,1909f56bfc062723c751e8b465ee728b)  -> (artifact id: 'cb0d22d83552519a6799afe969d995d1') in 0.024443 seconds 
  Import took 0.028227 seconds .

========================================================================
Received Import Request.
  Time since last request: 0.000178 seconds.
  path: Assets/Sprites/Castillo.png
  artifactKey: Guid(8404bb1e6e854424eaabe18b426ebf97) Importer(815301076,1909f56bfc062723c751e8b465ee728b)
Start importing Assets/Sprites/Castillo.png using Guid(8404bb1e6e854424eaabe18b426ebf97) Importer(815301076,1909f56bfc062723c751e8b465ee728b)  -> (artifact id: 'f79f1dd9afba418b0e665c935d9e7841') in 0.018828 seconds 
  Import took 0.023231 seconds .

========================================================================
Received Import Request.
  Time since last request: 0.000179 seconds.
  path: Assets/Sprites/Coins1.png
  artifactKey: Guid(c6bf6f0ad38f67d4e83b120e278019bf) Importer(815301076,1909f56bfc062723c751e8b465ee728b)
Start importing Assets/Sprites/Coins1.png using Guid(c6bf6f0ad38f67d4e83b120e278019bf) Importer(815301076,1909f56bfc062723c751e8b465ee728b)  -> (artifact id: 'a66973ea58c095b27ab77477be9724ed') in 0.022054 seconds 
  Import took 0.025403 seconds .

========================================================================
Received Import Request.
  Time since last request: 0.000172 seconds.
  path: Assets/Sprites/Hierbas.png
  artifactKey: Guid(fa612357f3aa5694fbc2a3a99084e87a) Importer(815301076,1909f56bfc062723c751e8b465ee728b)
Start importing Assets/Sprites/Hierbas.png using Guid(fa612357f3aa5694fbc2a3a99084e87a) Importer(815301076,1909f56bfc062723c751e8b465ee728b)  -> (artifact id: 'd041917bf5109c8088d8ac5cf88664f0') in 0.017995 seconds 
  Import took 0.021605 seconds .

========================================================================
Received Import Request.
  Time since last request: 0.000341 seconds.
  path: Assets/Sprites/Nuves.png
  artifactKey: Guid(b16af45be8bbfd042b46d458cd3884d3) Importer(815301076,1909f56bfc062723c751e8b465ee728b)
Start importing Assets/Sprites/Nuves.png using Guid(b16af45be8bbfd042b46d458cd3884d3) Importer(815301076,1909f56bfc062723c751e8b465ee728b)  -> (artifact id: '64ad4b18ba714d3cdc084e68e5edb54f') in 0.017956 seconds 
  Import took 0.021555 seconds .

========================================================================
Received Import Request.
  Time since last request: 0.000166 seconds.
  path: Assets/Sprites/Cajas.png
  artifactKey: Guid(3abcdcd32d8fac34282073dc6d4cb74d) Importer(815301076,1909f56bfc062723c751e8b465ee728b)
Start importing Assets/Sprites/Cajas.png using Guid(3abcdcd32d8fac34282073dc6d4cb74d) Importer(815301076,1909f56bfc062723c751e8b465ee728b)  -> (artifact id: '1c7e09f769e778a45e4934b79fb82f04') in 0.020420 seconds 
  Import took 0.025605 seconds .

========================================================================
Received Import Request.
  Time since last request: 0.000175 seconds.
  path: Assets/Sprites/Montanas.png
  artifactKey: Guid(21815446d58712046806c790c3f05ef9) Importer(815301076,1909f56bfc062723c751e8b465ee728b)
Start importing Assets/Sprites/Montanas.png using Guid(21815446d58712046806c790c3f05ef9) Importer(815301076,1909f56bfc062723c751e8b465ee728b)  -> (artifact id: 'c7001e2f6eea2dec1db8195bfc94f96c') in 0.020275 seconds 
  Import took 0.023630 seconds .

========================================================================
Received Import Request.
  Time since last request: 6.734747 seconds.
  path: Assets/Sounds/1up.wav
  artifactKey: Guid(e22552f930d8c15498930a401404c001) Importer(815301076,1909f56bfc062723c751e8b465ee728b)
Start importing Assets/Sounds/1up.wav using Guid(e22552f930d8c15498930a401404c001) Importer(815301076,1909f56bfc062723c751e8b465ee728b)  -> (artifact id: '3d9415ddf16b3a929bf8fad336199e33') in 0.115046 seconds 
  Import took 0.118882 seconds .

========================================================================
Received Import Request.
  Time since last request: 0.000267 seconds.
  path: Assets/Sounds/Squish.wav
  artifactKey: Guid(f56035545739e804197e1b190695189e) Importer(815301076,1909f56bfc062723c751e8b465ee728b)
Start importing Assets/Sounds/Squish.wav using Guid(f56035545739e804197e1b190695189e) Importer(815301076,1909f56bfc062723c751e8b465ee728b)  -> (artifact id: 'e761d3943065ca5ec7f9940e6afb5965') in 0.015314 seconds 
  Import took 0.019277 seconds .

========================================================================
Received Import Request.
  Time since last request: 0.000346 seconds.
  path: Assets/Sounds/Item.wav
  artifactKey: Guid(61e3aeefc78e1804b8308d7d40acf926) Importer(815301076,1909f56bfc062723c751e8b465ee728b)
Start importing Assets/Sounds/Item.wav using Guid(61e3aeefc78e1804b8308d7d40acf926) Importer(815301076,1909f56bfc062723c751e8b465ee728b)  -> (artifact id: '496bd498fd3c8e416c605be505ed4c55') in 0.018558 seconds 
  Import took 0.024164 seconds .

========================================================================
Received Import Request.
  Time since last request: 0.000275 seconds.
  path: Assets/Sounds/Fire Ball.wav
  artifactKey: Guid(3c3803a4134cd7243bdbe7f5d70dbfb5) Importer(815301076,1909f56bfc062723c751e8b465ee728b)
Start importing Assets/Sounds/Fire Ball.wav using Guid(3c3803a4134cd7243bdbe7f5d70dbfb5) Importer(815301076,1909f56bfc062723c751e8b465ee728b)  -> (artifact id: 'aed7117d6d8f8e530070c62393a41dba') in 0.017030 seconds 
  Import took 0.021338 seconds .

========================================================================
Received Import Request.
  Time since last request: 0.000268 seconds.
  path: Assets/Sounds/Jump.wav
  artifactKey: Guid(e0d2429a535c2084c93bb66f295e748b) Importer(815301076,1909f56bfc062723c751e8b465ee728b)
Start importing Assets/Sounds/Jump.wav using Guid(e0d2429a535c2084c93bb66f295e748b) Importer(815301076,1909f56bfc062723c751e8b465ee728b)  -> (artifact id: '945710c2d6da24ad2ae8957a01aa4832') in 0.023680 seconds 
  Import took 0.027645 seconds .

========================================================================
Received Import Request.
  Time since last request: 0.000376 seconds.
  path: Assets/Sounds/Flagpole.wav
  artifactKey: Guid(d8412db1abd93384786eef1dc4aca3a6) Importer(815301076,1909f56bfc062723c751e8b465ee728b)
Start importing Assets/Sounds/Flagpole.wav using Guid(d8412db1abd93384786eef1dc4aca3a6) Importer(815301076,1909f56bfc062723c751e8b465ee728b)  -> (artifact id: 'd7e86196d96c8c65241ec44ead13b0f0') in 0.017389 seconds 
  Import took 0.022041 seconds .

========================================================================
Received Import Request.
  Time since last request: 0.000167 seconds.
  path: Assets/Sounds/Powerup.wav
  artifactKey: Guid(520f3f19654874a43a2e0af7fe0e6d09) Importer(815301076,1909f56bfc062723c751e8b465ee728b)
Start importing Assets/Sounds/Powerup.wav using Guid(520f3f19654874a43a2e0af7fe0e6d09) Importer(815301076,1909f56bfc062723c751e8b465ee728b)  -> (artifact id: '5d9788bcade6fd8aec19bdc514e2dcd8') in 0.020611 seconds 
  Import took 0.024536 seconds .

========================================================================
Received Import Request.
  Time since last request: 0.000166 seconds.
  path: Assets/Sounds/Thwomp.wav
  artifactKey: Guid(1af24cd64ba8862428adba4d527601d3) Importer(815301076,1909f56bfc062723c751e8b465ee728b)
Start importing Assets/Sounds/Thwomp.wav using Guid(1af24cd64ba8862428adba4d527601d3) Importer(815301076,1909f56bfc062723c751e8b465ee728b)  -> (artifact id: 'c9b4f1364f38c35f196363c2c56bd637') in 0.015531 seconds 
  Import took 0.019455 seconds .

========================================================================
Received Import Request.
  Time since last request: 0.000274 seconds.
  path: Assets/Sounds/Warp.wav
  artifactKey: Guid(6f84277c9eeeb8a4cb3073d5a76df2a2) Importer(815301076,1909f56bfc062723c751e8b465ee728b)
Start importing Assets/Sounds/Warp.wav using Guid(6f84277c9eeeb8a4cb3073d5a76df2a2) Importer(815301076,1909f56bfc062723c751e8b465ee728b)  -> (artifact id: '8059382250d81d44b0b2a06aad04e9ad') in 0.015448 seconds 
  Import took 0.019644 seconds .

========================================================================
Received Import Request.
  Time since last request: 0.000268 seconds.
  path: Assets/Sounds/Game Over.wav
  artifactKey: Guid(6ca08e242fa2ce8428319ff4f0f1d42e) Importer(815301076,1909f56bfc062723c751e8b465ee728b)
Start importing Assets/Sounds/Game Over.wav using Guid(6ca08e242fa2ce8428319ff4f0f1d42e) Importer(815301076,1909f56bfc062723c751e8b465ee728b)  -> (artifact id: '0476edfbd05f74f3e378e2b062e2b762') in 0.018319 seconds 
  Import took 0.021956 seconds .

========================================================================
Received Import Request.
  Time since last request: 0.000174 seconds.
  path: Assets/Sounds/Vine.wav
  artifactKey: Guid(e5e99385d0233a647b2f7b1ca6d64cdd) Importer(815301076,1909f56bfc062723c751e8b465ee728b)
Start importing Assets/Sounds/Vine.wav using Guid(e5e99385d0233a647b2f7b1ca6d64cdd) Importer(815301076,1909f56bfc062723c751e8b465ee728b)  -> (artifact id: 'f16c6e13d91777fce846c90bc4d8d9c0') in 0.013259 seconds 
  Import took 0.019763 seconds .

========================================================================
Received Import Request.
  Time since last request: 0.000168 seconds.
  path: Assets/Sounds/Coin.wav
  artifactKey: Guid(99749b9152eabce4db88b32d9df6b50b) Importer(815301076,1909f56bfc062723c751e8b465ee728b)
Start importing Assets/Sounds/Coin.wav using Guid(99749b9152eabce4db88b32d9df6b50b) Importer(815301076,1909f56bfc062723c751e8b465ee728b)  -> (artifact id: 'b938154551027e4a5d96f6b197de792e') in 0.013524 seconds 
  Import took 0.017597 seconds .

========================================================================
Received Import Request.
  Time since last request: 0.000161 seconds.
  path: Assets/Sounds/Bump.wav
  artifactKey: Guid(779ac913fd22c4a479dffb9370dc9cc3) Importer(815301076,1909f56bfc062723c751e8b465ee728b)
Start importing Assets/Sounds/Bump.wav using Guid(779ac913fd22c4a479dffb9370dc9cc3) Importer(815301076,1909f56bfc062723c751e8b465ee728b)  -> (artifact id: 'c0324a4fd29c119649f057b8178bc94e') in 0.014657 seconds 
  Import took 0.019239 seconds .

========================================================================
Received Import Request.
  Time since last request: 0.000081 seconds.
  path: Assets/Sounds/Kick.wav
  artifactKey: Guid(79fd02e51961f274da472ec8fff34807) Importer(815301076,1909f56bfc062723c751e8b465ee728b)
Start importing Assets/Sounds/Kick.wav using Guid(79fd02e51961f274da472ec8fff34807) Importer(815301076,1909f56bfc062723c751e8b465ee728b)  -> (artifact id: '91beef1178726ceac71bff7b00fdc8e1') in 0.014721 seconds 
  Import took 0.018385 seconds .

========================================================================
Received Import Request.
  Time since last request: 0.000183 seconds.
  path: Assets/Sounds/Bowser Die.wav
  artifactKey: Guid(88a342afd326b124f9288505390ca50d) Importer(815301076,1909f56bfc062723c751e8b465ee728b)
Start importing Assets/Sounds/Bowser Die.wav using Guid(88a342afd326b124f9288505390ca50d) Importer(815301076,1909f56bfc062723c751e8b465ee728b)  -> (artifact id: '5b2e39e4ecfe6d8983e77ef93660af7f') in 0.013204 seconds 
  Import took 0.017221 seconds .

========================================================================
Received Import Request.
  Time since last request: 0.000176 seconds.
  path: Assets/Sounds/Enemy Fire.wav
  artifactKey: Guid(20b91a7e8257a81449f9e0a0bb4f728d) Importer(815301076,1909f56bfc062723c751e8b465ee728b)
Start importing Assets/Sounds/Enemy Fire.wav using Guid(20b91a7e8257a81449f9e0a0bb4f728d) Importer(815301076,1909f56bfc062723c751e8b465ee728b)  -> (artifact id: '545933ebfe84358f1e4322cef004be11') in 0.012354 seconds 
  Import took 0.016343 seconds .

========================================================================
Received Import Request.
  Time since last request: 0.000195 seconds.
  path: Assets/Sounds/Beep.wav
  artifactKey: Guid(08dda4b3dad8d764a9e0a6cc814ff816) Importer(815301076,1909f56bfc062723c751e8b465ee728b)
Start importing Assets/Sounds/Beep.wav using Guid(08dda4b3dad8d764a9e0a6cc814ff816) Importer(815301076,1909f56bfc062723c751e8b465ee728b)  -> (artifact id: '7ff410d384a88158ae4e31acbf1437d3') in 0.012708 seconds 
  Import took 0.017278 seconds .

========================================================================
Received Import Request.
  Time since last request: 0.000155 seconds.
  path: Assets/Sounds/Pause.wav
  artifactKey: Guid(abefb7f6fffdcaf49ba52ea29aeb3983) Importer(815301076,1909f56bfc062723c751e8b465ee728b)
Start importing Assets/Sounds/Pause.wav using Guid(abefb7f6fffdcaf49ba52ea29aeb3983) Importer(815301076,1909f56bfc062723c751e8b465ee728b)  -> (artifact id: 'a98d0b3d986472b5dc087cd2da58fb85') in 0.012147 seconds 
  Import took 0.016449 seconds .

========================================================================
Received Import Request.
  Time since last request: 0.000285 seconds.
  path: Assets/Sounds/Big Jump.wav
  artifactKey: Guid(c66589fc31b3349478a9aa9fe76fe2b8) Importer(815301076,1909f56bfc062723c751e8b465ee728b)
Start importing Assets/Sounds/Big Jump.wav using Guid(c66589fc31b3349478a9aa9fe76fe2b8) Importer(815301076,1909f56bfc062723c751e8b465ee728b)  -> (artifact id: '15af151b79dcea219e1292dd47ea2f71') in 0.012267 seconds 
  Import took 0.016711 seconds .

========================================================================
Received Import Request.
  Time since last request: 0.000195 seconds.
  path: Assets/Sounds/Break.wav
  artifactKey: Guid(aa148cd36bca25649a6ca1bddde87b6c) Importer(815301076,1909f56bfc062723c751e8b465ee728b)
Start importing Assets/Sounds/Break.wav using Guid(aa148cd36bca25649a6ca1bddde87b6c) Importer(815301076,1909f56bfc062723c751e8b465ee728b)  -> (artifact id: 'f141e52359ad01ae2f835de948d3f746') in 0.012585 seconds 
  Import took 0.016705 seconds .

========================================================================
Received Import Request.
  Time since last request: 0.000186 seconds.
  path: Assets/Sounds/Skid.wav
  artifactKey: Guid(15ecd363ac2455e4f8e3a2b84404be38) Importer(815301076,1909f56bfc062723c751e8b465ee728b)
Start importing Assets/Sounds/Skid.wav using Guid(15ecd363ac2455e4f8e3a2b84404be38) Importer(815301076,1909f56bfc062723c751e8b465ee728b)  -> (artifact id: 'cd463e912c825d599f99d74c01b3c8a5') in 0.013001 seconds 
  Import took 0.017104 seconds .

========================================================================
Received Import Request.
  Time since last request: 0.000193 seconds.
  path: Assets/Sounds/Die.wav
  artifactKey: Guid(3ae99f49767516d49bdc6097afdb614c) Importer(815301076,1909f56bfc062723c751e8b465ee728b)
Start importing Assets/Sounds/Die.wav using Guid(3ae99f49767516d49bdc6097afdb614c) Importer(815301076,1909f56bfc062723c751e8b465ee728b)  -> (artifact id: 'e77cdc7845035495f51197198c4c9f51') in 0.012044 seconds 
  Import took 0.016214 seconds .

========================================================================
Received Import Request.
  Time since last request: 435.523012 seconds.
  path: Assets/Sprites/Ladrillos.png
  artifactKey: Guid(56a149cd8c1cdd24cb3074f8f156c27b) Importer(815301076,1909f56bfc062723c751e8b465ee728b)
Start importing Assets/Sprites/Ladrillos.png using Guid(56a149cd8c1cdd24cb3074f8f156c27b) Importer(815301076,1909f56bfc062723c751e8b465ee728b)  -> (artifact id: 'e5104697e9632632cb6caa4e785305fd') in 0.012731 seconds 
  Import took 0.017029 seconds .

========================================================================
Received Import Request.
  Time since last request: 517.033788 seconds.
  path: Assets/Sprites/Ladrillos.png
  artifactKey: Guid(56a149cd8c1cdd24cb3074f8f156c27b) Importer(815301076,1909f56bfc062723c751e8b465ee728b)
Start importing Assets/Sprites/Ladrillos.png using Guid(56a149cd8c1cdd24cb3074f8f156c27b) Importer(815301076,1909f56bfc062723c751e8b465ee728b)  -> (artifact id: '7d7f92dc1019fef714aee39cd549e86d') in 0.026773 seconds 
  Import took 0.031744 seconds .

========================================================================
Received Import Request.
  Time since last request: 129.614102 seconds.
  path: Assets/Sprites/Ladrillos.png
  artifactKey: Guid(56a149cd8c1cdd24cb3074f8f156c27b) Importer(815301076,1909f56bfc062723c751e8b465ee728b)
Start importing Assets/Sprites/Ladrillos.png using Guid(56a149cd8c1cdd24cb3074f8f156c27b) Importer(815301076,1909f56bfc062723c751e8b465ee728b)  -> (artifact id: 'b6c93dd2df65e6ced209ffaee090c8ed') in 0.022514 seconds 
  Import took 0.026557 seconds .

========================================================================
Received Import Request.
  Time since last request: 415.579223 seconds.
  path: Assets/Sprites/Ladrillos.png
  artifactKey: Guid(56a149cd8c1cdd24cb3074f8f156c27b) Importer(815301076,1909f56bfc062723c751e8b465ee728b)
Start importing Assets/Sprites/Ladrillos.png using Guid(56a149cd8c1cdd24cb3074f8f156c27b) Importer(815301076,1909f56bfc062723c751e8b465ee728b)  -> (artifact id: '239a2d643d6c206a27d93ef6bd6d300e') in 0.019891 seconds 
  Import took 0.024090 seconds .

========================================================================
Received Import Request.
  Time since last request: 1117.779622 seconds.
  path: Assets/Sprites/Hierbas.png
  artifactKey: Guid(fa612357f3aa5694fbc2a3a99084e87a) Importer(815301076,1909f56bfc062723c751e8b465ee728b)
Start importing Assets/Sprites/Hierbas.png using Guid(fa612357f3aa5694fbc2a3a99084e87a) Importer(815301076,1909f56bfc062723c751e8b465ee728b)  -> (artifact id: '965d14af75a5942c4c51d56d698db8b8') in 0.020767 seconds 
  Import took 0.026892 seconds .

========================================================================
Received Import Request.
  Time since last request: 35.228925 seconds.
  path: Assets/Sprites/Hierbas.png
  artifactKey: Guid(fa612357f3aa5694fbc2a3a99084e87a) Importer(815301076,1909f56bfc062723c751e8b465ee728b)
Start importing Assets/Sprites/Hierbas.png using Guid(fa612357f3aa5694fbc2a3a99084e87a) Importer(815301076,1909f56bfc062723c751e8b465ee728b)  -> (artifact id: '27c0ffd759a840d0ecbd2d5a072bd3b5') in 0.011187 seconds 
  Import took 0.016060 seconds .

========================================================================
Received Import Request.
  Time since last request: 13.636577 seconds.
  path: Assets/Sprites/Hierbas.png
  artifactKey: Guid(fa612357f3aa5694fbc2a3a99084e87a) Importer(815301076,1909f56bfc062723c751e8b465ee728b)
Start importing Assets/Sprites/Hierbas.png using Guid(fa612357f3aa5694fbc2a3a99084e87a) Importer(815301076,1909f56bfc062723c751e8b465ee728b)  -> (artifact id: '7fbd42622a7d816f3091caa2eed25c95') in 0.013476 seconds 
  Import took 0.019876 seconds .

========================================================================
Received Import Request.
  Time since last request: 176.936535 seconds.
  path: Assets/Sprites/Montanas.png
  artifactKey: Guid(21815446d58712046806c790c3f05ef9) Importer(815301076,1909f56bfc062723c751e8b465ee728b)
Start importing Assets/Sprites/Montanas.png using Guid(21815446d58712046806c790c3f05ef9) Importer(815301076,1909f56bfc062723c751e8b465ee728b)  -> (artifact id: '068a4d6b2b82cd5799c59aa626bf49bf') in 0.012979 seconds 
  Import took 0.018022 seconds .

========================================================================
Received Import Request.
  Time since last request: 57.550623 seconds.
  path: Assets/Sprites/Montanas.png
  artifactKey: Guid(21815446d58712046806c790c3f05ef9) Importer(815301076,1909f56bfc062723c751e8b465ee728b)
Start importing Assets/Sprites/Montanas.png using Guid(21815446d58712046806c790c3f05ef9) Importer(815301076,1909f56bfc062723c751e8b465ee728b)  -> (artifact id: '8df62320147f4a0da0417e35b126e2a2') in 0.011647 seconds 
  Import took 0.016548 seconds .

========================================================================
Received Import Request.
  Time since last request: 260.250549 seconds.
  path: Assets/Sprites/Hierbas.png
  artifactKey: Guid(fa612357f3aa5694fbc2a3a99084e87a) Importer(815301076,1909f56bfc062723c751e8b465ee728b)
Start importing Assets/Sprites/Hierbas.png using Guid(fa612357f3aa5694fbc2a3a99084e87a) Importer(815301076,1909f56bfc062723c751e8b465ee728b)  -> (artifact id: '333f5ae57c9dbc22446c31422444fc1d') in 0.011711 seconds 
  Import took 0.017319 seconds .

========================================================================
Received Import Request.
  Time since last request: 100.461107 seconds.
  path: Assets/Sprites/Ladrillos.png
  artifactKey: Guid(56a149cd8c1cdd24cb3074f8f156c27b) Importer(815301076,1909f56bfc062723c751e8b465ee728b)
Start importing Assets/Sprites/Ladrillos.png using Guid(56a149cd8c1cdd24cb3074f8f156c27b) Importer(815301076,1909f56bfc062723c751e8b465ee728b)  -> (artifact id: 'b6f5598f1b9390bc9bcb8682f42a2d4d') in 0.026992 seconds 
  Import took 0.031106 seconds .

========================================================================
Received Import Request.
  Time since last request: 268.475657 seconds.
  path: Assets/Sprites/Cajas.png
  artifactKey: Guid(3abcdcd32d8fac34282073dc6d4cb74d) Importer(815301076,1909f56bfc062723c751e8b465ee728b)
Start importing Assets/Sprites/Cajas.png using Guid(3abcdcd32d8fac34282073dc6d4cb74d) Importer(815301076,1909f56bfc062723c751e8b465ee728b)  -> (artifact id: 'c3b9ded18bf0720faf6b5a35a0516014') in 0.020091 seconds 
  Import took 0.026617 seconds .

========================================================================
Received Import Request.
  Time since last request: 55.526130 seconds.
  path: Assets/Sprites/Cajas.png
  artifactKey: Guid(3abcdcd32d8fac34282073dc6d4cb74d) Importer(815301076,1909f56bfc062723c751e8b465ee728b)
Start importing Assets/Sprites/Cajas.png using Guid(3abcdcd32d8fac34282073dc6d4cb74d) Importer(815301076,1909f56bfc062723c751e8b465ee728b)  -> (artifact id: '0561560522a24e2d63f0aaf1de85b228') in 0.009655 seconds 
  Import took 0.013855 seconds .

========================================================================
Received Import Request.
  Time since last request: 18.327630 seconds.
  path: Assets/Sprites/Cajas.png
  artifactKey: Guid(3abcdcd32d8fac34282073dc6d4cb74d) Importer(815301076,1909f56bfc062723c751e8b465ee728b)
Start importing Assets/Sprites/Cajas.png using Guid(3abcdcd32d8fac34282073dc6d4cb74d) Importer(815301076,1909f56bfc062723c751e8b465ee728b)  -> (artifact id: '984e1c9c9a52a41d4089a7aa4f80b774') in 0.020360 seconds 
  Import took 0.025633 seconds .

========================================================================
Received Import Request.
  Time since last request: 87.581736 seconds.
  path: Assets/Sprites/Cajas.png
  artifactKey: Guid(3abcdcd32d8fac34282073dc6d4cb74d) Importer(815301076,1909f56bfc062723c751e8b465ee728b)
Start importing Assets/Sprites/Cajas.png using Guid(3abcdcd32d8fac34282073dc6d4cb74d) Importer(815301076,1909f56bfc062723c751e8b465ee728b)  -> (artifact id: 'f5d1a9b297e85355f5cdda069fe0e942') in 0.020694 seconds 
  Import took 0.026227 seconds .

========================================================================
Received Import Request.
  Time since last request: 77.764592 seconds.
  path: Assets/Sprites/Cajas.png
  artifactKey: Guid(3abcdcd32d8fac34282073dc6d4cb74d) Importer(815301076,1909f56bfc062723c751e8b465ee728b)
Start importing Assets/Sprites/Cajas.png using Guid(3abcdcd32d8fac34282073dc6d4cb74d) Importer(815301076,1909f56bfc062723c751e8b465ee728b)  -> (artifact id: '202f61849c993110c581cbdf79c30c21') in 0.017191 seconds 
  Import took 0.022520 seconds .

========================================================================
Received Import Request.
  Time since last request: 17.159153 seconds.
  path: Assets/Sprites/Cajas.png
  artifactKey: Guid(3abcdcd32d8fac34282073dc6d4cb74d) Importer(815301076,1909f56bfc062723c751e8b465ee728b)
Start importing Assets/Sprites/Cajas.png using Guid(3abcdcd32d8fac34282073dc6d4cb74d) Importer(815301076,1909f56bfc062723c751e8b465ee728b)  -> (artifact id: '0d6fe4e65f156d948f891568eb4b6ae1') in 0.011663 seconds 
  Import took 0.018430 seconds .

========================================================================
Received Import Request.
  Time since last request: 131.719094 seconds.
  path: Assets/Sprites/Tuberias.png
  artifactKey: Guid(77ea3e7c84f6098489662baaef7c5e4c) Importer(815301076,1909f56bfc062723c751e8b465ee728b)
Start importing Assets/Sprites/Tuberias.png using Guid(77ea3e7c84f6098489662baaef7c5e4c) Importer(815301076,1909f56bfc062723c751e8b465ee728b)  -> (artifact id: 'bac002e01b689e4e320378823515635d') in 0.013102 seconds 
  Import took 0.018562 seconds .

========================================================================
Received Import Request.
  Time since last request: 51.809868 seconds.
  path: Assets/Sprites/Tuberias.png
  artifactKey: Guid(77ea3e7c84f6098489662baaef7c5e4c) Importer(815301076,1909f56bfc062723c751e8b465ee728b)
Start importing Assets/Sprites/Tuberias.png using Guid(77ea3e7c84f6098489662baaef7c5e4c) Importer(815301076,1909f56bfc062723c751e8b465ee728b)  -> (artifact id: '4725c69162ec41b924da70d1a8750e89') in 0.018701 seconds 
  Import took 0.023027 seconds .

========================================================================
Received Import Request.
  Time since last request: 35.800909 seconds.
  path: Assets/Sprites/Tuberias.png
  artifactKey: Guid(77ea3e7c84f6098489662baaef7c5e4c) Importer(815301076,1909f56bfc062723c751e8b465ee728b)
Start importing Assets/Sprites/Tuberias.png using Guid(77ea3e7c84f6098489662baaef7c5e4c) Importer(815301076,1909f56bfc062723c751e8b465ee728b)  -> (artifact id: '487f94f4a59bc4292ec490eb4d2ad5db') in 0.018932 seconds 
  Import took 0.022930 seconds .

========================================================================
Received Import Request.
  Time since last request: 24.040840 seconds.
  path: Assets/Sprites/Tuberias.png
  artifactKey: Guid(77ea3e7c84f6098489662baaef7c5e4c) Importer(815301076,1909f56bfc062723c751e8b465ee728b)
Start importing Assets/Sprites/Tuberias.png using Guid(77ea3e7c84f6098489662baaef7c5e4c) Importer(815301076,1909f56bfc062723c751e8b465ee728b)  -> (artifact id: 'b202c54b633a1c49d89e431d21b5506e') in 0.021277 seconds 
  Import took 0.025522 seconds .

========================================================================
Received Import Request.
  Time since last request: 150.896927 seconds.
  path: Assets/Sprites/Hierbas.png
  artifactKey: Guid(fa612357f3aa5694fbc2a3a99084e87a) Importer(815301076,1909f56bfc062723c751e8b465ee728b)
Start importing Assets/Sprites/Hierbas.png using Guid(fa612357f3aa5694fbc2a3a99084e87a) Importer(815301076,1909f56bfc062723c751e8b465ee728b)  -> (artifact id: '394296e409cbd468d71a6ebc8c2a4a5b') in 0.010888 seconds 
  Import took 0.015714 seconds .

========================================================================
Received Import Request.
  Time since last request: 24.105740 seconds.
  path: Assets/Sprites/Hierbas.png
  artifactKey: Guid(fa612357f3aa5694fbc2a3a99084e87a) Importer(815301076,1909f56bfc062723c751e8b465ee728b)
Start importing Assets/Sprites/Hierbas.png using Guid(fa612357f3aa5694fbc2a3a99084e87a) Importer(815301076,1909f56bfc062723c751e8b465ee728b)  -> (artifact id: '792d274284a9aa0bca296d5043c4708d') in 0.019077 seconds 
  Import took 0.024395 seconds .

========================================================================
Received Import Request.
  Time since last request: 123.191981 seconds.
  path: Assets/Sprites/Hierbas.png
  artifactKey: Guid(fa612357f3aa5694fbc2a3a99084e87a) Importer(815301076,1909f56bfc062723c751e8b465ee728b)
Start importing Assets/Sprites/Hierbas.png using Guid(fa612357f3aa5694fbc2a3a99084e87a) Importer(815301076,1909f56bfc062723c751e8b465ee728b)  -> (artifact id: '62b4ff00e4dfdde1dd6230b8a2f66097') in 0.017013 seconds 
  Import took 0.022751 seconds .

========================================================================
Received Import Request.
  Time since last request: 199.386817 seconds.
  path: Assets/Sprites/Tuberias.png
  artifactKey: Guid(77ea3e7c84f6098489662baaef7c5e4c) Importer(815301076,1909f56bfc062723c751e8b465ee728b)
Start importing Assets/Sprites/Tuberias.png using Guid(77ea3e7c84f6098489662baaef7c5e4c) Importer(815301076,1909f56bfc062723c751e8b465ee728b)  -> (artifact id: 'eeb3cb960ee75c8966b353934b891154') in 0.015093 seconds 
  Import took 0.019509 seconds .

========================================================================
Received Import Request.
  Time since last request: 159.263906 seconds.
  path: Assets/Sprites/Montanas.png
  artifactKey: Guid(21815446d58712046806c790c3f05ef9) Importer(815301076,1909f56bfc062723c751e8b465ee728b)
Start importing Assets/Sprites/Montanas.png using Guid(21815446d58712046806c790c3f05ef9) Importer(815301076,1909f56bfc062723c751e8b465ee728b)  -> (artifact id: 'f5802a45b063643eb07c5d1df831f241') in 0.010613 seconds 
  Import took 0.016831 seconds .

========================================================================
Received Import Request.
  Time since last request: 8.229776 seconds.
  path: Assets/Sprites/Montanas.png
  artifactKey: Guid(21815446d58712046806c790c3f05ef9) Importer(815301076,1909f56bfc062723c751e8b465ee728b)
Start importing Assets/Sprites/Montanas.png using Guid(21815446d58712046806c790c3f05ef9) Importer(815301076,1909f56bfc062723c751e8b465ee728b)  -> (artifact id: '19dd7fb3dfe3e25d148cf3f8ea9b60af') in 0.018004 seconds 
  Import took 0.024193 seconds .

========================================================================
Received Import Request.
  Time since last request: 235.491349 seconds.
  path: Assets/Sprites/Hierbas.png
  artifactKey: Guid(fa612357f3aa5694fbc2a3a99084e87a) Importer(815301076,1909f56bfc062723c751e8b465ee728b)
Start importing Assets/Sprites/Hierbas.png using Guid(fa612357f3aa5694fbc2a3a99084e87a) Importer(815301076,1909f56bfc062723c751e8b465ee728b)  -> (artifact id: '77547a49f219f585c4ae58eb88f22112') in 0.023398 seconds 
  Import took 0.027300 seconds .

========================================================================
Received Import Request.
  Time since last request: 66.075496 seconds.
  path: Assets/Sprites/Montanas.png
  artifactKey: Guid(21815446d58712046806c790c3f05ef9) Importer(815301076,1909f56bfc062723c751e8b465ee728b)
Start importing Assets/Sprites/Montanas.png using Guid(21815446d58712046806c790c3f05ef9) Importer(815301076,1909f56bfc062723c751e8b465ee728b)  -> (artifact id: '54abb1cad4e1a0850a2ddbdfc54bd313') in 0.016014 seconds 
  Import took 0.022397 seconds .

========================================================================
Received Import Request.
  Time since last request: 31.270795 seconds.
  path: Assets/Sprites/Montanas.png
  artifactKey: Guid(21815446d58712046806c790c3f05ef9) Importer(815301076,1909f56bfc062723c751e8b465ee728b)
Start importing Assets/Sprites/Montanas.png using Guid(21815446d58712046806c790c3f05ef9) Importer(815301076,1909f56bfc062723c751e8b465ee728b)  -> (artifact id: 'e1467bb1cd95c50dd2c0bf799ef02c02') in 0.020789 seconds 
  Import took 0.025000 seconds .

========================================================================
Received Import Request.
  Time since last request: 34.962153 seconds.
  path: Assets/Sprites/Montanas.png
  artifactKey: Guid(21815446d58712046806c790c3f05ef9) Importer(815301076,1909f56bfc062723c751e8b465ee728b)
Start importing Assets/Sprites/Montanas.png using Guid(21815446d58712046806c790c3f05ef9) Importer(815301076,1909f56bfc062723c751e8b465ee728b)  -> (artifact id: '7a32bf3d5b4e8a987cb8ec4169eb68f3') in 0.019647 seconds 
  Import took 0.025108 seconds .

========================================================================
Received Import Request.
  Time since last request: 11.516735 seconds.
  path: Assets/Sprites/Montanas.png
  artifactKey: Guid(21815446d58712046806c790c3f05ef9) Importer(815301076,1909f56bfc062723c751e8b465ee728b)
Start importing Assets/Sprites/Montanas.png using Guid(21815446d58712046806c790c3f05ef9) Importer(815301076,1909f56bfc062723c751e8b465ee728b)  -> (artifact id: 'e848052ffe1cd673826d28df05a72fec') in 0.019168 seconds 
  Import took 0.023453 seconds .

========================================================================
Received Import Request.
  Time since last request: 127.024914 seconds.
  path: Assets/Sprites/Goombas.png
  artifactKey: Guid(3b815cf48c54a10458591310a43415c0) Importer(815301076,1909f56bfc062723c751e8b465ee728b)
Start importing Assets/Sprites/Goombas.png using Guid(3b815cf48c54a10458591310a43415c0) Importer(815301076,1909f56bfc062723c751e8b465ee728b)  -> (artifact id: '311dca32d9c07e741c7188fdc909abd4') in 0.010365 seconds 
  Import took 0.016542 seconds .

========================================================================
Received Import Request.
  Time since last request: 9.703013 seconds.
  path: Assets/Sprites/Goombas.png
  artifactKey: Guid(3b815cf48c54a10458591310a43415c0) Importer(815301076,1909f56bfc062723c751e8b465ee728b)
Start importing Assets/Sprites/Goombas.png using Guid(3b815cf48c54a10458591310a43415c0) Importer(815301076,1909f56bfc062723c751e8b465ee728b)  -> (artifact id: '120ae1cd631a935d030949e9bf89c736') in 0.017099 seconds 
  Import took 0.022245 seconds .

========================================================================
Received Import Request.
  Time since last request: 140.107903 seconds.
  path: Assets/Sprites/Nuves.png
  artifactKey: Guid(b16af45be8bbfd042b46d458cd3884d3) Importer(815301076,1909f56bfc062723c751e8b465ee728b)
Start importing Assets/Sprites/Nuves.png using Guid(b16af45be8bbfd042b46d458cd3884d3) Importer(815301076,1909f56bfc062723c751e8b465ee728b)  -> (artifact id: '5c055f94fc0fd789af89f8c674e43990') in 0.013393 seconds 
  Import took 0.018458 seconds .

========================================================================
Received Import Request.
  Time since last request: 8.891087 seconds.
  path: Assets/Sprites/Nuves.png
  artifactKey: Guid(b16af45be8bbfd042b46d458cd3884d3) Importer(815301076,1909f56bfc062723c751e8b465ee728b)
Start importing Assets/Sprites/Nuves.png using Guid(b16af45be8bbfd042b46d458cd3884d3) Importer(815301076,1909f56bfc062723c751e8b465ee728b)  -> (artifact id: '059c75636f6f2b447fb4f1c080c9651f') in 0.022177 seconds 
  Import took 0.026256 seconds .

========================================================================
Received Import Request.
  Time since last request: 50.885319 seconds.
  path: Assets/Sprites/Nuves.png
  artifactKey: Guid(b16af45be8bbfd042b46d458cd3884d3) Importer(815301076,1909f56bfc062723c751e8b465ee728b)
Start importing Assets/Sprites/Nuves.png using Guid(b16af45be8bbfd042b46d458cd3884d3) Importer(815301076,1909f56bfc062723c751e8b465ee728b)  -> (artifact id: '36cfb31bb3d234e1204ec37a109889e3') in 0.018901 seconds 
  Import took 0.023278 seconds .

========================================================================
Received Import Request.
  Time since last request: 27.152757 seconds.
  path: Assets/Sprites/Nuves.png
  artifactKey: Guid(b16af45be8bbfd042b46d458cd3884d3) Importer(815301076,1909f56bfc062723c751e8b465ee728b)
Start importing Assets/Sprites/Nuves.png using Guid(b16af45be8bbfd042b46d458cd3884d3) Importer(815301076,1909f56bfc062723c751e8b465ee728b)  -> (artifact id: '54983ff76c37d7935ba48e9898725c7b') in 0.024335 seconds 
  Import took 0.028526 seconds .

========================================================================
Received Import Request.
  Time since last request: 175.898348 seconds.
  path: Assets/Sprites/Ladrillos.png
  artifactKey: Guid(56a149cd8c1cdd24cb3074f8f156c27b) Importer(815301076,1909f56bfc062723c751e8b465ee728b)
Start importing Assets/Sprites/Ladrillos.png using Guid(56a149cd8c1cdd24cb3074f8f156c27b) Importer(815301076,1909f56bfc062723c751e8b465ee728b)  -> (artifact id: '32d704704a998236919bd2953aa6c018') in 0.029742 seconds 
  Import took 0.034291 seconds .

========================================================================
Received Import Request.
  Time since last request: 555.963823 seconds.
  path: Assets/Sprites/Montanas.png
  artifactKey: Guid(21815446d58712046806c790c3f05ef9) Importer(815301076,1909f56bfc062723c751e8b465ee728b)
Start importing Assets/Sprites/Montanas.png using Guid(21815446d58712046806c790c3f05ef9) Importer(815301076,1909f56bfc062723c751e8b465ee728b)  -> (artifact id: '1e69bdb248e0475d28d17ac497ffca58') in 0.026262 seconds 
  Import took 0.031488 seconds .

========================================================================
Received Import Request.
  Time since last request: 60.401281 seconds.
  path: Assets/Sprites/Tuberias.png
  artifactKey: Guid(77ea3e7c84f6098489662baaef7c5e4c) Importer(815301076,1909f56bfc062723c751e8b465ee728b)
Start importing Assets/Sprites/Tuberias.png using Guid(77ea3e7c84f6098489662baaef7c5e4c) Importer(815301076,1909f56bfc062723c751e8b465ee728b)  -> (artifact id: '2a997a7c284179142a14bed4fd7a4df8') in 0.018437 seconds 
  Import took 0.023238 seconds .

AssetImportWorkerClient::OnTransportError - code=2 error=End of file
